Start testing: Nov 03 10:25 UTC
----------------------------------------------------------
1/1 Testing: Test
1/1 Test: Test
Command: "/home/runner/work/PMSwEng/PMSwEng/PacMan/build/Tests/Test"
Directory: /home/runner/work/PMSwEng/PMSwEng/PacMan/build/Tests
"Test" start time: Nov 03 10:25 UTC
Output:
----------------------------------------------------------
********* Start testing of TestTest *********
Config: Using QtTest library 5.15.2, Qt 5.15.2 (x86_64-little_endian-lp64 shared (dynamic) release build; by GCC 5.3.1 20160406 (Red Hat 5.3.1-6)), ubuntu 22.04
PASS   : TestTest::initTestCase()
PASS   : TestTest::passTest()
PASS   : TestTest::cleanupTestCase()
Totals: 3 passed, 0 failed, 0 skipped, 0 blacklisted, 1ms
********* Finished testing of TestTest *********
<end of output>
Test time =   0.06 sec
----------------------------------------------------------
Test Passed.
"Test" end time: Nov 03 10:25 UTC
"Test" time elapsed: 00:00:00
----------------------------------------------------------

End testing: Nov 03 10:25 UTC
